<?xml version="1.0" encoding="UTF-8"?>
<testng-results ignored="0" total="1" passed="1" failed="0" skipped="0">
  <reporter-output>
  </reporter-output>
  <suite started-at="2023-06-07T23:11:55 EDT" name="Default suite" finished-at="2023-06-07T23:13:03 EDT" duration-ms="68775">
    <groups>
    </groups>
    <test started-at="2023-06-07T23:11:55 EDT" name="Default test" finished-at="2023-06-07T23:13:03 EDT" duration-ms="68775">
      <class name="com.techPanda.TestCases.TestCase_008">
        <test-method is-config="true" signature="setUp()[pri:0, instance:com.techPanda.TestCases.TestCase_008@52af26ee]" started-at="2023-06-07T23:11:55 EDT" name="setUp" finished-at="2023-06-07T23:12:07 EDT" duration-ms="12499" status="PASS">
          <reporter-output>
          </reporter-output>
        </test-method> <!-- setUp -->
        <test-method signature="testCase_008()[pri:0, instance:com.techPanda.TestCases.TestCase_008@52af26ee]" started-at="2023-06-07T23:12:07 EDT" name="testCase_008" finished-at="2023-06-07T23:13:03 EDT" duration-ms="56154" status="PASS">
          <reporter-output>
          </reporter-output>
        </test-method> <!-- testCase_008 -->
        <test-method is-config="true" signature="tearDown()[pri:0, instance:com.techPanda.TestCases.TestCase_008@52af26ee]" started-at="2023-06-07T23:13:03 EDT" name="tearDown" finished-at="2023-06-07T23:13:03 EDT" duration-ms="90" status="PASS">
          <reporter-output>
          </reporter-output>
        </test-method> <!-- tearDown -->
      </class> <!-- com.techPanda.TestCases.TestCase_008 -->
    </test> <!-- Default test -->
  </suite> <!-- Default suite -->
</testng-results>
